<?xml version="1.0" encoding="UTF-8"?>
<testng-results ignored="0" total="1" passed="1" failed="0" skipped="0">
  <reporter-output>
  </reporter-output>
  <suite started-at="2022-03-22T18:33:25 EDT" name="Default suite" finished-at="2022-03-22T18:33:32 EDT" duration-ms="6845">
    <groups>
    </groups>
    <test started-at="2022-03-22T18:33:25 EDT" name="Default test" finished-at="2022-03-22T18:33:32 EDT" duration-ms="6845">
      <class name="com.inetBanking.testCases.TC_LoginTest_001">
        <test-method is-config="true" signature="setup()[pri:0, instance:com.inetBanking.testCases.TC_LoginTest_001@5223e5ee]" started-at="2022-03-22T18:33:25 EDT" name="setup" finished-at="2022-03-22T18:33:28 EDT" duration-ms="3036" status="PASS">
          <reporter-output>
          </reporter-output>
        </test-method> <!-- setup -->
        <test-method signature="loginTest()[pri:0, instance:com.inetBanking.testCases.TC_LoginTest_001@5223e5ee]" started-at="2022-03-22T18:33:28 EDT" name="loginTest" finished-at="2022-03-22T18:33:31 EDT" duration-ms="3641" status="PASS">
          <reporter-output>
          </reporter-output>
        </test-method> <!-- loginTest -->
        <test-method is-config="true" signature="tearDown()[pri:0, instance:com.inetBanking.testCases.TC_LoginTest_001@5223e5ee]" started-at="2022-03-22T18:33:31 EDT" name="tearDown" finished-at="2022-03-22T18:33:32 EDT" duration-ms="130" status="PASS">
          <reporter-output>
          </reporter-output>
        </test-method> <!-- tearDown -->
      </class> <!-- com.inetBanking.testCases.TC_LoginTest_001 -->
    </test> <!-- Default test -->
  </suite> <!-- Default suite -->
</testng-results>
